# JRE version: Java(TM) SE Runtime Environment (7.0_55-b14) (build 1.7.0_55-b14)
# Java VM: Java HotSpot(TM) Client VM (24.55-b03 mixed mode, sharing windows-x86 )
Heap
 def new generation   total 7744K, used 6120K [0x23890000, 0x240f0000, 0x28de0000)
  eden space 6912K,  83% used [0x23890000, 0x23e310c8, 0x23f50000)
  from space 832K,  42% used [0x24020000, 0x24078f58, 0x240f0000)
  to   space 832K,   0% used [0x23f50000, 0x23f50000, 0x24020000)
 tenured generation   total 17104K, used 10261K [0x28de0000, 0x29e94000, 0x33890000)
   the space 17104K,  59% used [0x28de0000, 0x297e5790, 0x297e5800, 0x29e94000)
 compacting perm gen  total 12288K, used 5668K [0x33890000, 0x34490000, 0x37890000)
   the space 12288K,  46% used [0x33890000, 0x33e191f8, 0x33e19200, 0x34490000)
    ro space 10240K,  41% used [0x37890000, 0x37cc24a8, 0x37cc2600, 0x38290000)
    rw space 12288K,  52% used [0x38290000, 0x388d6da8, 0x388d6e00, 0x38e90000)
GC Heap History (10 events):
Event: 31.520 GC heap before
{Heap before GC invocations=27 (full 0):
 def new generation   total 4928K, used 4597K [0x23890000, 0x23de0000, 0x28de0000)
  eden space 4416K, 100% used [0x23890000, 0x23ce0000, 0x23ce0000)
  from space 512K,  35% used [0x23d60000, 0x23d8d438, 0x23de0000)
  to   space 512K,   0% used [0x23ce0000, 0x23ce0000, 0x23d60000)
 tenured generation   total 10944K, used 9298K [0x28de0000, 0x29890000, 0x33890000)
   the space 10944K,  84% used [0x28de0000, 0x296f49c8, 0x296f4a00, 0x29890000)
 compacting perm gen  total 12288K, used 5567K [0x33890000, 0x34490000, 0x37890000)
   the space 12288K,  45% used [0x33890000, 0x33dfff38, 0x33e00000, 0x34490000)
    ro space 10240K,  41% used [0x37890000, 0x37cc24a8, 0x37cc2600, 0x38290000)
    rw space 12288K,  52% used [0x38290000, 0x388d6da8, 0x388d6e00, 0x38e90000)
Event: 31.522 GC heap after
Heap after GC invocations=28 (full 0):
 def new generation   total 4928K, used 352K [0x23890000, 0x23de0000, 0x28de0000)
  eden space 4416K,   0% used [0x23890000, 0x23890000, 0x23ce0000)
  from space 512K,  68% used [0x23ce0000, 0x23d38060, 0x23d60000)
  to   space 512K,   0% used [0x23d60000, 0x23d60000, 0x23de0000)
 tenured generation   total 10944K, used 9298K [0x28de0000, 0x29890000, 0x33890000)
   the space 10944K,  84% used [0x28de0000, 0x296f49c8, 0x296f4a00, 0x29890000)
 compacting perm gen  total 12288K, used 5567K [0x33890000, 0x34490000, 0x37890000)
   the space 12288K,  45% used [0x33890000, 0x33dfff38, 0x33e00000, 0x34490000)
    ro space 10240K,  41% used [0x37890000, 0x37cc24a8, 0x37cc2600, 0x38290000)
    rw space 12288K,  52% used [0x38290000, 0x388d6da8, 0x388d6e00, 0x38e90000)
}
Event: 31.636 GC heap before
{Heap before GC invocations=28 (full 0):
 def new generation   total 4928K, used 4768K [0x23890000, 0x23de0000, 0x28de0000)
  eden space 4416K, 100% used [0x23890000, 0x23ce0000, 0x23ce0000)
  from space 512K,  68% used [0x23ce0000, 0x23d38060, 0x23d60000)
  to   space 512K,   0% used [0x23d60000, 0x23d60000, 0x23de0000)
 tenured generation   total 10944K, used 9298K [0x28de0000, 0x29890000, 0x33890000)
   the space 10944K,  84% used [0x28de0000, 0x296f49c8, 0x296f4a00, 0x29890000)
 compacting perm gen  total 12288K, used 5567K [0x33890000, 0x34490000, 0x37890000)
   the space 12288K,  45% used [0x33890000, 0x33dfff78, 0x33e00000, 0x34490000)
    ro space 10240K,  41% used [0x37890000, 0x37cc24a8, 0x37cc2600, 0x38290000)
    rw space 12288K,  52% used [0x38290000, 0x388d6da8, 0x388d6e00, 0x38e90000)
Event: 31.638 GC heap after
Heap after GC invocations=29 (full 0):
 def new generation   total 4928K, used 512K [0x23890000, 0x23de0000, 0x28de0000)
  eden space 4416K,   0% used [0x23890000, 0x23890000, 0x23ce0000)
  from space 512K, 100% used [0x23d60000, 0x23de0000, 0x23de0000)
  to   space 512K,   0% used [0x23ce0000, 0x23ce0000, 0x23d60000)
 tenured generation   total 10944K, used 9426K [0x28de0000, 0x29890000, 0x33890000)
   the space 10944K,  86% used [0x28de0000, 0x29714ac0, 0x29714c00, 0x29890000)
 compacting perm gen  total 12288K, used 5567K [0x33890000, 0x34490000, 0x37890000)
   the space 12288K,  45% used [0x33890000, 0x33dfff78, 0x33e00000, 0x34490000)
    ro space 10240K,  41% used [0x37890000, 0x37cc24a8, 0x37cc2600, 0x38290000)
    rw space 12288K,  52% used [0x38290000, 0x388d6da8, 0x388d6e00, 0x38e90000)
}
Event: 31.689 GC heap before
{Heap before GC invocations=29 (full 0):
 def new generation   total 4928K, used 4928K [0x23890000, 0x23de0000, 0x28de0000)
  eden space 4416K, 100% used [0x23890000, 0x23ce0000, 0x23ce0000)
  from space 512K, 100% used [0x23d60000, 0x23de0000, 0x23de0000)
  to   space 512K,   0% used [0x23ce0000, 0x23ce0000, 0x23d60000)
 tenured generation   total 10944K, used 9426K [0x28de0000, 0x29890000, 0x33890000)
   the space 10944K,  86% used [0x28de0000, 0x29714ac0, 0x29714c00, 0x29890000)
 compacting perm gen  total 12288K, used 5568K [0x33890000, 0x34490000, 0x37890000)
   the space 12288K,  45% used [0x33890000, 0x33e00018, 0x33e00200, 0x34490000)
    ro space 10240K,  41% used [0x37890000, 0x37cc24a8, 0x37cc2600, 0x38290000)
    rw space 12288K,  52% used [0x38290000, 0x388d6da8, 0x388d6e00, 0x38e90000)
Event: 31.692 GC heap after
Heap after GC invocations=30 (full 0):
 def new generation   total 4928K, used 188K [0x23890000, 0x23de0000, 0x28de0000)
  eden space 4416K,   0% used [0x23890000, 0x23890000, 0x23ce0000)
  from space 512K,  36% used [0x23ce0000, 0x23d0f250, 0x23d60000)
  to   space 512K,   0% used [0x23d60000, 0x23d60000, 0x23de0000)
 tenured generation   total 10944K, used 9914K [0x28de0000, 0x29890000, 0x33890000)
   the space 10944K,  90% used [0x28de0000, 0x2978ebc8, 0x2978ec00, 0x29890000)
 compacting perm gen  total 12288K, used 5568K [0x33890000, 0x34490000, 0x37890000)
   the space 12288K,  45% used [0x33890000, 0x33e00018, 0x33e00200, 0x34490000)
    ro space 10240K,  41% used [0x37890000, 0x37cc24a8, 0x37cc2600, 0x38290000)
    rw space 12288K,  52% used [0x38290000, 0x388d6da8, 0x388d6e00, 0x38e90000)
}
Event: 33.890 GC heap before
{Heap before GC invocations=30 (full 0):
 def new generation   total 4928K, used 4604K [0x23890000, 0x23de0000, 0x28de0000)
  eden space 4416K, 100% used [0x23890000, 0x23ce0000, 0x23ce0000)
  from space 512K,  36% used [0x23ce0000, 0x23d0f250, 0x23d60000)
  to   space 512K,   0% used [0x23d60000, 0x23d60000, 0x23de0000)
 tenured generation   total 10944K, used 9914K [0x28de0000, 0x29890000, 0x33890000)
   the space 10944K,  90% used [0x28de0000, 0x2978ebc8, 0x2978ec00, 0x29890000)
 compacting perm gen  total 12288K, used 5605K [0x33890000, 0x34490000, 0x37890000)
   the space 12288K,  45% used [0x33890000, 0x33e09760, 0x33e09800, 0x34490000)
    ro space 10240K,  41% used [0x37890000, 0x37cc24a8, 0x37cc2600, 0x38290000)
    rw space 12288K,  52% used [0x38290000, 0x388d6da8, 0x388d6e00, 0x38e90000)
Event: 33.970 GC heap after
Heap after GC invocations=31 (full 1):
 def new generation   total 7744K, used 0K [0x23890000, 0x240f0000, 0x28de0000)
  eden space 6912K,   0% used [0x23890000, 0x23890000, 0x23f50000)
  from space 832K,   0% used [0x23f50000, 0x23f50000, 0x24020000)
  to   space 832K,   0% used [0x24020000, 0x24020000, 0x240f0000)
 tenured generation   total 17104K, used 10261K [0x28de0000, 0x29e94000, 0x33890000)
   the space 17104K,  59% used [0x28de0000, 0x297e5790, 0x297e5800, 0x29e94000)
 compacting perm gen  total 12288K, used 5605K [0x33890000, 0x34490000, 0x37890000)
   the space 12288K,  45% used [0x33890000, 0x33e09760, 0x33e09800, 0x34490000)
    ro space 10240K,  41% used [0x37890000, 0x37cc24a8, 0x37cc2600, 0x38290000)
    rw space 12288K,  52% used [0x38290000, 0x388d6da8, 0x388d6e00, 0x38e90000)
}
Event: 38.687 GC heap before
{Heap before GC invocations=31 (full 1):
 def new generation   total 7744K, used 6912K [0x23890000, 0x240f0000, 0x28de0000)
  eden space 6912K, 100% used [0x23890000, 0x23f50000, 0x23f50000)
  from space 832K,   0% used [0x23f50000, 0x23f50000, 0x24020000)
  to   space 832K,   0% used [0x24020000, 0x24020000, 0x240f0000)
 tenured generation   total 17104K, used 10261K [0x28de0000, 0x29e94000, 0x33890000)
   the space 17104K,  59% used [0x28de0000, 0x297e5790, 0x297e5800, 0x29e94000)
 compacting perm gen  total 12288K, used 5646K [0x33890000, 0x34490000, 0x37890000)
   the space 12288K,  45% used [0x33890000, 0x33e13878, 0x33e13a00, 0x34490000)
    ro space 10240K,  41% used [0x37890000, 0x37cc24a8, 0x37cc2600, 0x38290000)
    rw space 12288K,  52% used [0x38290000, 0x388d6da8, 0x388d6e00, 0x38e90000)
Event: 38.690 GC heap after
Heap after GC invocations=32 (full 1):
 def new generation   total 7744K, used 355K [0x23890000, 0x240f0000, 0x28de0000)
  eden space 6912K,   0% used [0x23890000, 0x23890000, 0x23f50000)
  from space 832K,  42% used [0x24020000, 0x24078f58, 0x240f0000)
  to   space 832K,   0% used [0x23f50000, 0x23f50000, 0x24020000)
 tenured generation   total 17104K, used 10261K [0x28de0000, 0x29e94000, 0x33890000)
   the space 17104K,  59% used [0x28de0000, 0x297e5790, 0x297e5800, 0x29e94000)
 compacting perm gen  total 12288K, used 5646K [0x33890000, 0x34490000, 0x37890000)
   the space 12288K,  45% used [0x33890000, 0x33e13878, 0x33e13a00, 0x34490000)
    ro space 10240K,  41% used [0x37890000, 0x37cc24a8, 0x37cc2600, 0x38290000)
    rw space 12288K,  52% used [0x38290000, 0x388d6da8, 0x388d6e00, 0x38e90000)
}

